[ 2018-04-30T20:10:48+08:00 ] ::1 /graduation/Public/setting/d41d8cd98f00b204e9800998ecf8427e/2017-12-16/5a35191d13a5c.png
ERR: 无法加载模块:Public

[ 2018-04-30T20:10:48+08:00 ] ::1 /graduation/Public/setting/d41d8cd98f00b204e9800998ecf8427e/2017-12-16/5a351465937ff.jpg
ERR: 无法加载模块:Public

[ 2018-04-30T20:10:48+08:00 ] ::1 /graduation/Public/setting/d41d8cd98f00b204e9800998ecf8427e/2017-12-16/5a35161d99864.jpg
ERR: 无法加载模块:Public

[ 2018-04-30T20:11:21+08:00 ] ::1 /graduation/Public/setting/d41d8cd98f00b204e9800998ecf8427e/2017-12-16/5a35191d13a5c.png
ERR: 无法加载模块:Public

[ 2018-04-30T20:11:21+08:00 ] ::1 /graduation/Public/setting/d41d8cd98f00b204e9800998ecf8427e/2017-12-16/5a351465937ff.jpg
ERR: 无法加载模块:Public

[ 2018-04-30T20:11:21+08:00 ] ::1 /graduation/Public/setting/d41d8cd98f00b204e9800998ecf8427e/2017-12-16/5a35161d99864.jpg
ERR: 无法加载模块:Public

[ 2018-04-30T20:11:23+08:00 ] ::1 /graduation/Public/setting/d41d8cd98f00b204e9800998ecf8427e/2017-12-16/5a35161d99864.jpg
ERR: 无法加载模块:Public

[ 2018-04-30T20:11:23+08:00 ] ::1 /graduation/Public/setting/d41d8cd98f00b204e9800998ecf8427e/2017-12-16/5a35191d13a5c.png
ERR: 无法加载模块:Public

[ 2018-04-30T20:11:23+08:00 ] ::1 /graduation/Public/setting/d41d8cd98f00b204e9800998ecf8427e/2017-12-16/5a351465937ff.jpg
ERR: 无法加载模块:Public

[ 2018-04-30T20:11:25+08:00 ] ::1 /graduation/Public/setting/d41d8cd98f00b204e9800998ecf8427e/2017-12-16/5a351465937ff.jpg
ERR: 无法加载模块:Public

[ 2018-04-30T20:11:25+08:00 ] ::1 /graduation/Public/setting/d41d8cd98f00b204e9800998ecf8427e/2017-12-16/5a35161d99864.jpg
ERR: 无法加载模块:Public

[ 2018-04-30T20:11:25+08:00 ] ::1 /graduation/Public/setting/d41d8cd98f00b204e9800998ecf8427e/2017-12-16/5a35191d13a5c.png
ERR: 无法加载模块:Public

[ 2018-04-30T20:11:26+08:00 ] ::1 /graduation/Public/setting/d41d8cd98f00b204e9800998ecf8427e/2017-12-16/5a35161d99864.jpg
ERR: 无法加载模块:Public

[ 2018-04-30T20:11:26+08:00 ] ::1 /graduation/Public/setting/d41d8cd98f00b204e9800998ecf8427e/2017-12-16/5a35191d13a5c.png
ERR: 无法加载模块:Public

[ 2018-04-30T20:11:26+08:00 ] ::1 /graduation/Public/setting/d41d8cd98f00b204e9800998ecf8427e/2017-12-16/5a351465937ff.jpg
ERR: 无法加载模块:Public

[ 2018-04-30T20:11:27+08:00 ] ::1 /graduation/Public/setting/d41d8cd98f00b204e9800998ecf8427e/2017-12-16/5a35161d99864.jpg
ERR: 无法加载模块:Public

[ 2018-04-30T20:11:27+08:00 ] ::1 /graduation/Public/setting/d41d8cd98f00b204e9800998ecf8427e/2017-12-16/5a351465937ff.jpg
ERR: 无法加载模块:Public

[ 2018-04-30T20:11:27+08:00 ] ::1 /graduation/Public/setting/d41d8cd98f00b204e9800998ecf8427e/2017-12-16/5a35191d13a5c.png
ERR: 无法加载模块:Public

[ 2018-04-30T20:11:28+08:00 ] ::1 /graduation/Public/setting/d41d8cd98f00b204e9800998ecf8427e/2017-12-16/5a351465937ff.jpg
ERR: 无法加载模块:Public

[ 2018-04-30T20:11:28+08:00 ] ::1 /graduation/Public/setting/d41d8cd98f00b204e9800998ecf8427e/2017-12-16/5a35191d13a5c.png
ERR: 无法加载模块:Public

[ 2018-04-30T20:11:28+08:00 ] ::1 /graduation/Public/setting/d41d8cd98f00b204e9800998ecf8427e/2017-12-16/5a35161d99864.jpg
ERR: 无法加载模块:Public

[ 2018-04-30T20:11:31+08:00 ] ::1 /graduation/Public/setting/d41d8cd98f00b204e9800998ecf8427e/2017-12-16/5a351465937ff.jpg
ERR: 无法加载模块:Public

[ 2018-04-30T20:11:31+08:00 ] ::1 /graduation/Public/setting/d41d8cd98f00b204e9800998ecf8427e/2017-12-16/5a35161d99864.jpg
ERR: 无法加载模块:Public

[ 2018-04-30T20:11:31+08:00 ] ::1 /graduation/Public/setting/d41d8cd98f00b204e9800998ecf8427e/2017-12-16/5a35191d13a5c.png
ERR: 无法加载模块:Public

[ 2018-04-30T20:11:58+08:00 ] ::1 /graduation/Public/setting/d41d8cd98f00b204e9800998ecf8427e/2017-12-16/5a351465937ff.jpg
ERR: 无法加载模块:Public

[ 2018-04-30T20:11:58+08:00 ] ::1 /graduation/Public/setting/d41d8cd98f00b204e9800998ecf8427e/2017-12-16/5a35191d13a5c.png
ERR: 无法加载模块:Public

[ 2018-04-30T20:11:58+08:00 ] ::1 /graduation/Public/setting/d41d8cd98f00b204e9800998ecf8427e/2017-12-16/5a35161d99864.jpg
ERR: 无法加载模块:Public

[ 2018-04-30T20:12:23+08:00 ] ::1 /graduation/Public/setting/d41d8cd98f00b204e9800998ecf8427e/2017-12-16/5a351465937ff.jpg
ERR: 无法加载模块:Public

[ 2018-04-30T20:12:23+08:00 ] ::1 /graduation/Public/setting/d41d8cd98f00b204e9800998ecf8427e/2017-12-16/5a35191d13a5c.png
ERR: 无法加载模块:Public

[ 2018-04-30T20:12:24+08:00 ] ::1 /graduation/Public/setting/d41d8cd98f00b204e9800998ecf8427e/2017-12-16/5a35161d99864.jpg
ERR: 无法加载模块:Public

[ 2018-04-30T21:10:04+08:00 ] ::1 /graduation/Public/setting/d41d8cd98f00b204e9800998ecf8427e/2017-12-16/5a351465937ff.jpg
ERR: 无法加载模块:Public

[ 2018-04-30T21:10:04+08:00 ] ::1 /graduation/Public/setting/d41d8cd98f00b204e9800998ecf8427e/2017-12-16/5a35191d13a5c.png
ERR: 无法加载模块:Public

[ 2018-04-30T21:10:04+08:00 ] ::1 /graduation/Public/setting/d41d8cd98f00b204e9800998ecf8427e/2017-12-16/5a35161d99864.jpg
ERR: 无法加载模块:Public

[ 2018-04-30T21:13:51+08:00 ] ::1 /graduation/static/images/demo_bg.png
ERR: 无法加载模块:Static

[ 2018-04-30T21:16:02+08:00 ] ::1 /graduation/static/images/demo_bg.png
ERR: 无法加载模块:Static

[ 2018-04-30T21:18:14+08:00 ] ::1 /graduation/static/images/demo_bg.png
ERR: 无法加载模块:Static

[ 2018-04-30T21:56:59+08:00 ] ::1 /graduation/static/images/logon.ico
ERR: 无法加载模块:Static

[ 2018-04-30T22:30:50+08:00 ] ::1 /graduation/static/images/logon.ico
ERR: 无法加载模块:Static

[ 2018-04-30T22:34:52+08:00 ] ::1 /graduation/static/images/logon.ico
ERR: 无法加载模块:Static

