[ 2018-05-25T15:23:07+08:00 ] ::1 /graduation/Public/setting/d41d8cd98f00b204e9800998ecf8427e/2017-12-16/5a35161d99864.jpg
ERR: 无法加载模块:Public

[ 2018-05-25T15:23:07+08:00 ] ::1 /graduation/Public/setting/d41d8cd98f00b204e9800998ecf8427e/2017-12-16/5a351465937ff.jpg
ERR: 无法加载模块:Public

[ 2018-05-25T16:41:53+08:00 ] ::1 /graduation/static/images/456.png
ERR: 无法加载模块:Static

[ 2018-05-25T18:07:54+08:00 ] ::1 /graduation/Public/setting/d41d8cd98f00b204e9800998ecf8427e/2017-12-16/5a35191d13a5c.png
ERR: 无法加载模块:Public

[ 2018-05-25T18:07:54+08:00 ] ::1 /graduation/Public/setting/d41d8cd98f00b204e9800998ecf8427e/2017-12-16/5a35161d99864.jpg
ERR: 无法加载模块:Public

[ 2018-05-25T18:07:54+08:00 ] ::1 /graduation/Public/setting/d41d8cd98f00b204e9800998ecf8427e/2017-12-16/5a351465937ff.jpg
ERR: 无法加载模块:Public

[ 2018-05-25T18:07:58+08:00 ] ::1 /graduation/static/images/logon.ico
ERR: 无法加载模块:Static

[ 2018-05-25T22:08:06+08:00 ] ::1 /graduation/Public/setting/d41d8cd98f00b204e9800998ecf8427e/2017-12-16/5a35161d99864.jpg
ERR: 无法加载模块:Public

[ 2018-05-25T22:08:06+08:00 ] ::1 /graduation/Public/setting/d41d8cd98f00b204e9800998ecf8427e/2017-12-16/5a351465937ff.jpg
ERR: 无法加载模块:Public

[ 2018-05-25T22:51:25+08:00 ] ::1 /graduation/Public/setting/d41d8cd98f00b204e9800998ecf8427e/2017-12-16/5a351465937ff.jpg
ERR: 无法加载模块:Public

[ 2018-05-25T22:51:26+08:00 ] ::1 /graduation/Public/setting/d41d8cd98f00b204e9800998ecf8427e/2017-12-16/5a35161d99864.jpg
ERR: 无法加载模块:Public

[ 2018-05-25T22:51:26+08:00 ] ::1 /graduation/Public/setting/d41d8cd98f00b204e9800998ecf8427e/2017-12-16/5a35191d13a5c.png
ERR: 无法加载模块:Public

[ 2018-05-25T22:54:43+08:00 ] ::1 /graduation/Public/setting/d41d8cd98f00b204e9800998ecf8427e/2017-12-16/5a351465937ff.jpg
ERR: 无法加载模块:Public

[ 2018-05-25T22:54:43+08:00 ] ::1 /graduation/Public/setting/d41d8cd98f00b204e9800998ecf8427e/2017-12-16/5a35161d99864.jpg
ERR: 无法加载模块:Public

[ 2018-05-25T22:54:43+08:00 ] ::1 /graduation/Public/setting/d41d8cd98f00b204e9800998ecf8427e/2017-12-16/5a35191d13a5c.png
ERR: 无法加载模块:Public

[ 2018-05-25T23:02:52+08:00 ] ::1 /graduation/Public/Student/c48880b847479aa21b4e33be8a0abf37/2018-04-11/5acd54373085a.docx
ERR: 无法加载模块:Public

[ 2018-05-25T23:03:58+08:00 ] ::1 /graduation/Public/Student/343c79a327dea59a9628c0adfc631de7/2018-04-13/5ad026e826e9c.docx
ERR: 无法加载模块:Public

