[ 2018-04-29T15:44:15+08:00 ] ::1 /graduation/static/images/demo_bg.png
ERR: 无法加载模块:Static

[ 2018-04-29T15:44:15+08:00 ] ::1 /graduation/static/images/demo_bg.png
ERR: 无法加载模块:Static

[ 2018-04-29T15:44:15+08:00 ] ::1 /graduation/static/images/demo_bg.png
ERR: 无法加载模块:Static

[ 2018-04-29T15:44:16+08:00 ] ::1 /graduation/static/images/demo_bg.png
ERR: 无法加载模块:Static

[ 2018-04-29T15:44:16+08:00 ] ::1 /graduation/static/images/demo_bg.png
ERR: 无法加载模块:Static

[ 2018-04-29T15:44:17+08:00 ] ::1 /graduation/static/images/demo_bg.png
ERR: 无法加载模块:Static

[ 2018-04-29T15:44:17+08:00 ] ::1 /graduation/static/images/demo_bg.png
ERR: 无法加载模块:Static

[ 2018-04-29T15:44:18+08:00 ] ::1 /graduation/static/images/demo_bg.png
ERR: 无法加载模块:Static

[ 2018-04-29T15:44:18+08:00 ] ::1 /graduation/static/images/demo_bg.png
ERR: 无法加载模块:Static

[ 2018-04-29T15:44:18+08:00 ] ::1 /graduation/static/images/demo_bg.png
ERR: 无法加载模块:Static

[ 2018-04-29T15:44:19+08:00 ] ::1 /graduation/static/images/demo_bg.png
ERR: 无法加载模块:Static

[ 2018-04-29T15:44:19+08:00 ] ::1 /graduation/static/images/demo_bg.png
ERR: 无法加载模块:Static

[ 2018-04-29T15:44:19+08:00 ] ::1 /graduation/static/images/demo_bg.png
ERR: 无法加载模块:Static

[ 2018-04-29T15:44:20+08:00 ] ::1 /graduation/static/images/demo_bg.png
ERR: 无法加载模块:Static

[ 2018-04-29T15:44:20+08:00 ] ::1 /graduation/static/images/demo_bg.png
ERR: 无法加载模块:Static

[ 2018-04-29T15:44:20+08:00 ] ::1 /graduation/static/images/demo_bg.png
ERR: 无法加载模块:Static

[ 2018-04-29T15:44:20+08:00 ] ::1 /graduation/static/images/demo_bg.png
ERR: 无法加载模块:Static

[ 2018-04-29T15:44:21+08:00 ] ::1 /graduation/static/images/demo_bg.png
ERR: 无法加载模块:Static

[ 2018-04-29T15:44:21+08:00 ] ::1 /graduation/static/images/demo_bg.png
ERR: 无法加载模块:Static

[ 2018-04-29T15:44:22+08:00 ] ::1 /graduation/static/images/demo_bg.png
ERR: 无法加载模块:Static

[ 2018-04-29T15:44:22+08:00 ] ::1 /graduation/static/images/demo_bg.png
ERR: 无法加载模块:Static

[ 2018-04-29T15:44:22+08:00 ] ::1 /graduation/static/images/demo_bg.png
ERR: 无法加载模块:Static

[ 2018-04-29T15:45:00+08:00 ] ::1 /graduation/static/images/demo_bg.png
ERR: 无法加载模块:Static

[ 2018-04-29T15:48:52+08:00 ] ::1 /graduation/Public/setting/d41d8cd98f00b204e9800998ecf8427e/2017-12-16/5a351465937ff.jpg
ERR: 无法加载模块:Public

[ 2018-04-29T15:48:52+08:00 ] ::1 /graduation/Public/setting/d41d8cd98f00b204e9800998ecf8427e/2017-12-16/5a35191d13a5c.png
ERR: 无法加载模块:Public

[ 2018-04-29T15:48:52+08:00 ] ::1 /graduation/Public/setting/d41d8cd98f00b204e9800998ecf8427e/2017-12-16/5a35161d99864.jpg
ERR: 无法加载模块:Public

[ 2018-04-29T15:49:13+08:00 ] ::1 /graduation/Public/setting/d41d8cd98f00b204e9800998ecf8427e/2017-12-16/5a351465937ff.jpg
ERR: 无法加载模块:Public

[ 2018-04-29T15:49:13+08:00 ] ::1 /graduation/Public/setting/d41d8cd98f00b204e9800998ecf8427e/2017-12-16/5a35191d13a5c.png
ERR: 无法加载模块:Public

[ 2018-04-29T15:49:13+08:00 ] ::1 /graduation/Public/setting/d41d8cd98f00b204e9800998ecf8427e/2017-12-16/5a35161d99864.jpg
ERR: 无法加载模块:Public

[ 2018-04-29T15:49:14+08:00 ] ::1 /graduation/static/images/demo_bg.png
ERR: 无法加载模块:Static

[ 2018-04-29T15:49:56+08:00 ] ::1 /graduation/Public/setting/d41d8cd98f00b204e9800998ecf8427e/2017-12-16/5a351465937ff.jpg
ERR: 无法加载模块:Public

[ 2018-04-29T15:49:57+08:00 ] ::1 /graduation/Public/setting/d41d8cd98f00b204e9800998ecf8427e/2017-12-16/5a35191d13a5c.png
ERR: 无法加载模块:Public

[ 2018-04-29T15:49:57+08:00 ] ::1 /graduation/Public/setting/d41d8cd98f00b204e9800998ecf8427e/2017-12-16/5a35161d99864.jpg
ERR: 无法加载模块:Public

[ 2018-04-29T15:50:00+08:00 ] ::1 /graduation/Public/setting/d41d8cd98f00b204e9800998ecf8427e/2017-12-16/5a351465937ff.jpg
ERR: 无法加载模块:Public

[ 2018-04-29T15:50:00+08:00 ] ::1 /graduation/Public/setting/d41d8cd98f00b204e9800998ecf8427e/2017-12-16/5a35191d13a5c.png
ERR: 无法加载模块:Public

[ 2018-04-29T15:50:00+08:00 ] ::1 /graduation/Public/setting/d41d8cd98f00b204e9800998ecf8427e/2017-12-16/5a35161d99864.jpg
ERR: 无法加载模块:Public

[ 2018-04-29T15:51:09+08:00 ] ::1 /graduation/static/images/demo_bg.png
ERR: 无法加载模块:Static

[ 2018-04-29T15:51:21+08:00 ] ::1 /graduation/static/images/demo_bg.png
ERR: 无法加载模块:Static

[ 2018-04-29T15:51:37+08:00 ] ::1 /graduation/static/images/demo_bg.png
ERR: 无法加载模块:Static

[ 2018-04-29T15:54:05+08:00 ] ::1 /graduation/static/images/demo_bg.png
ERR: 无法加载模块:Static

[ 2018-04-29T15:56:58+08:00 ] ::1 /graduation/static/images/demo_bg.png
ERR: 无法加载模块:Static

[ 2018-04-29T17:06:46+08:00 ] ::1 /graduation/Public/setting/d41d8cd98f00b204e9800998ecf8427e/2017-12-16/5a351465937ff.jpg
ERR: 无法加载模块:Public

[ 2018-04-29T17:06:46+08:00 ] ::1 /graduation/Public/setting/d41d8cd98f00b204e9800998ecf8427e/2017-12-16/5a35191d13a5c.png
ERR: 无法加载模块:Public

[ 2018-04-29T17:06:46+08:00 ] ::1 /graduation/Public/setting/d41d8cd98f00b204e9800998ecf8427e/2017-12-16/5a351465937ff.jpg
ERR: 无法加载模块:Public

[ 2018-04-29T17:06:46+08:00 ] ::1 /graduation/Public/setting/d41d8cd98f00b204e9800998ecf8427e/2017-12-16/5a35161d99864.jpg
ERR: 无法加载模块:Public

[ 2018-04-29T17:07:20+08:00 ] ::1 /graduation/static/images/logon.ico
ERR: 无法加载模块:Static

[ 2018-04-29T17:27:41+08:00 ] ::1 /graduation/Public/setting/d41d8cd98f00b204e9800998ecf8427e/2017-12-16/5a351465937ff.jpg
ERR: 无法加载模块:Public

[ 2018-04-29T17:27:42+08:00 ] ::1 /graduation/Public/setting/d41d8cd98f00b204e9800998ecf8427e/2017-12-16/5a35191d13a5c.png
ERR: 无法加载模块:Public

[ 2018-04-29T17:27:42+08:00 ] ::1 /graduation/Public/setting/d41d8cd98f00b204e9800998ecf8427e/2017-12-16/5a35161d99864.jpg
ERR: 无法加载模块:Public

[ 2018-04-29T17:48:59+08:00 ] ::1 /graduation/graduation/Student/Student/Index.html
ERR: 无法加载模块:Graduation

[ 2018-04-29T17:49:07+08:00 ] ::1 /graduation/Public/setting/d41d8cd98f00b204e9800998ecf8427e/2017-12-16/5a351465937ff.jpg
ERR: 无法加载模块:Public

[ 2018-04-29T17:49:07+08:00 ] ::1 /graduation/Public/setting/d41d8cd98f00b204e9800998ecf8427e/2017-12-16/5a35191d13a5c.png
ERR: 无法加载模块:Public

[ 2018-04-29T17:49:07+08:00 ] ::1 /graduation/Public/setting/d41d8cd98f00b204e9800998ecf8427e/2017-12-16/5a35161d99864.jpg
ERR: 无法加载模块:Public

