[ 2018-05-22T10:51:52+08:00 ] ::1 /graduation/Public/setting/d41d8cd98f00b204e9800998ecf8427e/2017-12-16/5a35161d99864.jpg
ERR: 无法加载模块:Public

[ 2018-05-22T10:51:52+08:00 ] ::1 /graduation/Public/setting/d41d8cd98f00b204e9800998ecf8427e/2017-12-16/5a35191d13a5c.png
ERR: 无法加载模块:Public

[ 2018-05-22T10:51:52+08:00 ] ::1 /graduation/Public/setting/d41d8cd98f00b204e9800998ecf8427e/2017-12-16/5a351465937ff.jpg
ERR: 无法加载模块:Public

[ 2018-05-22T11:00:40+08:00 ] ::1 /graduation/static/images/logon.ico
ERR: 无法加载模块:Static

[ 2018-05-22T11:04:57+08:00 ] ::1 /graduation/Public/setting/d41d8cd98f00b204e9800998ecf8427e/2017-12-16/5a351465937ff.jpg
ERR: 无法加载模块:Public

[ 2018-05-22T11:04:57+08:00 ] ::1 /graduation/Public/setting/d41d8cd98f00b204e9800998ecf8427e/2017-12-16/5a35191d13a5c.png
ERR: 无法加载模块:Public

[ 2018-05-22T11:04:57+08:00 ] ::1 /graduation/Public/setting/d41d8cd98f00b204e9800998ecf8427e/2017-12-16/5a35161d99864.jpg
ERR: 无法加载模块:Public

[ 2018-05-22T11:16:54+08:00 ] ::1 /graduation/Public/setting/d41d8cd98f00b204e9800998ecf8427e/2017-12-16/5a351465937ff.jpg
ERR: 无法加载模块:Public

[ 2018-05-22T11:16:54+08:00 ] ::1 /graduation/Public/setting/d41d8cd98f00b204e9800998ecf8427e/2017-12-16/5a35191d13a5c.png
ERR: 无法加载模块:Public

[ 2018-05-22T11:16:54+08:00 ] ::1 /graduation/Public/setting/d41d8cd98f00b204e9800998ecf8427e/2017-12-16/5a35161d99864.jpg
ERR: 无法加载模块:Public

[ 2018-05-22T11:18:16+08:00 ] ::1 /graduation/Public/setting/d41d8cd98f00b204e9800998ecf8427e/2017-12-16/5a351465937ff.jpg
ERR: 无法加载模块:Public

[ 2018-05-22T11:18:16+08:00 ] ::1 /graduation/Public/setting/d41d8cd98f00b204e9800998ecf8427e/2017-12-16/5a35191d13a5c.png
ERR: 无法加载模块:Public

[ 2018-05-22T11:18:16+08:00 ] ::1 /graduation/Public/setting/d41d8cd98f00b204e9800998ecf8427e/2017-12-16/5a35161d99864.jpg
ERR: 无法加载模块:Public

[ 2018-05-22T11:18:16+08:00 ] ::1 /graduation/Public/setting/d41d8cd98f00b204e9800998ecf8427e/2017-12-16/5a351465937ff.jpg
ERR: 无法加载模块:Public

[ 2018-05-22T16:31:57+08:00 ] ::1 /graduation/Public/setting/d41d8cd98f00b204e9800998ecf8427e/2017-12-16/5a351465937ff.jpg
ERR: 无法加载模块:Public

[ 2018-05-22T16:31:57+08:00 ] ::1 /graduation/Public/setting/d41d8cd98f00b204e9800998ecf8427e/2017-12-16/5a35191d13a5c.png
ERR: 无法加载模块:Public

[ 2018-05-22T16:32:15+08:00 ] ::1 /graduation/Public/setting/d41d8cd98f00b204e9800998ecf8427e/2017-12-16/5a351465937ff.jpg
ERR: 无法加载模块:Public

[ 2018-05-22T16:32:16+08:00 ] ::1 /graduation/Public/setting/d41d8cd98f00b204e9800998ecf8427e/2017-12-16/5a35191d13a5c.png
ERR: 无法加载模块:Public

[ 2018-05-22T16:32:16+08:00 ] ::1 /graduation/Public/setting/d41d8cd98f00b204e9800998ecf8427e/2017-12-16/5a35161d99864.jpg
ERR: 无法加载模块:Public

[ 2018-05-22T16:32:18+08:00 ] ::1 /graduation/Public/setting/d41d8cd98f00b204e9800998ecf8427e/2017-12-16/5a351465937ff.jpg
ERR: 无法加载模块:Public

[ 2018-05-22T16:32:18+08:00 ] ::1 /graduation/Public/setting/d41d8cd98f00b204e9800998ecf8427e/2017-12-16/5a35191d13a5c.png
ERR: 无法加载模块:Public

[ 2018-05-22T16:32:18+08:00 ] ::1 /graduation/Public/setting/d41d8cd98f00b204e9800998ecf8427e/2017-12-16/5a35161d99864.jpg
ERR: 无法加载模块:Public

[ 2018-05-22T16:32:18+08:00 ] ::1 /graduation/Public/setting/d41d8cd98f00b204e9800998ecf8427e/2017-12-16/5a351465937ff.jpg
ERR: 无法加载模块:Public

[ 2018-05-22T16:32:19+08:00 ] ::1 /graduation/Public/setting/d41d8cd98f00b204e9800998ecf8427e/2017-12-16/5a35161d99864.jpg
ERR: 无法加载模块:Public

[ 2018-05-22T16:32:19+08:00 ] ::1 /graduation/Public/setting/d41d8cd98f00b204e9800998ecf8427e/2017-12-16/5a35191d13a5c.png
ERR: 无法加载模块:Public

[ 2018-05-22T16:40:20+08:00 ] ::1 /graduation/Public/setting/d41d8cd98f00b204e9800998ecf8427e/2017-12-16/5a351465937ff.jpg
ERR: 无法加载模块:Public

[ 2018-05-22T16:40:20+08:00 ] ::1 /graduation/Public/setting/d41d8cd98f00b204e9800998ecf8427e/2017-12-16/5a35191d13a5c.png
ERR: 无法加载模块:Public

[ 2018-05-22T16:40:20+08:00 ] ::1 /graduation/Public/setting/d41d8cd98f00b204e9800998ecf8427e/2017-12-16/5a351465937ff.jpg
ERR: 无法加载模块:Public

[ 2018-05-22T16:40:21+08:00 ] ::1 /graduation/Public/setting/d41d8cd98f00b204e9800998ecf8427e/2017-12-16/5a35161d99864.jpg
ERR: 无法加载模块:Public

[ 2018-05-22T16:44:17+08:00 ] ::1 /graduation/Public/setting/d41d8cd98f00b204e9800998ecf8427e/2017-12-16/5a35191d13a5c.png
ERR: 无法加载模块:Public

[ 2018-05-22T16:44:17+08:00 ] ::1 /graduation/Public/setting/d41d8cd98f00b204e9800998ecf8427e/2017-12-16/5a351465937ff.jpg
ERR: 无法加载模块:Public

[ 2018-05-22T16:44:17+08:00 ] ::1 /graduation/Public/setting/d41d8cd98f00b204e9800998ecf8427e/2017-12-16/5a35161d99864.jpg
ERR: 无法加载模块:Public

[ 2018-05-22T16:44:17+08:00 ] ::1 /graduation/Public/setting/d41d8cd98f00b204e9800998ecf8427e/2017-12-16/5a351465937ff.jpg
ERR: 无法加载模块:Public

[ 2018-05-22T16:44:17+08:00 ] ::1 /graduation/Public/setting/d41d8cd98f00b204e9800998ecf8427e/2017-12-16/5a35191d13a5c.png
ERR: 无法加载模块:Public

[ 2018-05-22T16:44:25+08:00 ] ::1 /graduation/Public/setting/d41d8cd98f00b204e9800998ecf8427e/2017-12-16/5a35191d13a5c.png
ERR: 无法加载模块:Public

[ 2018-05-22T16:44:25+08:00 ] ::1 /graduation/Public/setting/d41d8cd98f00b204e9800998ecf8427e/2017-12-16/5a351465937ff.jpg
ERR: 无法加载模块:Public

[ 2018-05-22T16:44:25+08:00 ] ::1 /graduation/Public/setting/d41d8cd98f00b204e9800998ecf8427e/2017-12-16/5a35161d99864.jpg
ERR: 无法加载模块:Public

[ 2018-05-22T16:44:27+08:00 ] ::1 /graduation/Public/setting/d41d8cd98f00b204e9800998ecf8427e/2017-12-16/5a35161d99864.jpg
ERR: 无法加载模块:Public

[ 2018-05-22T16:44:27+08:00 ] ::1 /graduation/Public/setting/d41d8cd98f00b204e9800998ecf8427e/2017-12-16/5a351465937ff.jpg
ERR: 无法加载模块:Public

[ 2018-05-22T16:44:27+08:00 ] ::1 /graduation/Public/setting/d41d8cd98f00b204e9800998ecf8427e/2017-12-16/5a35191d13a5c.png
ERR: 无法加载模块:Public

[ 2018-05-22T16:44:51+08:00 ] ::1 /graduation/Public/setting/d41d8cd98f00b204e9800998ecf8427e/2017-12-16/5a351465937ff.jpg
ERR: 无法加载模块:Public

[ 2018-05-22T16:44:51+08:00 ] ::1 /graduation/Public/setting/d41d8cd98f00b204e9800998ecf8427e/2017-12-16/5a35161d99864.jpg
ERR: 无法加载模块:Public

[ 2018-05-22T16:44:51+08:00 ] ::1 /graduation/Public/setting/d41d8cd98f00b204e9800998ecf8427e/2017-12-16/5a35191d13a5c.png
ERR: 无法加载模块:Public

[ 2018-05-22T16:48:13+08:00 ] ::1 /graduation/Public/setting/d41d8cd98f00b204e9800998ecf8427e/2017-12-16/5a351465937ff.jpg
ERR: 无法加载模块:Public

[ 2018-05-22T16:48:13+08:00 ] ::1 /graduation/Public/setting/d41d8cd98f00b204e9800998ecf8427e/2017-12-16/5a35191d13a5c.png
ERR: 无法加载模块:Public

[ 2018-05-22T16:48:13+08:00 ] ::1 /graduation/Public/setting/d41d8cd98f00b204e9800998ecf8427e/2017-12-16/5a35161d99864.jpg
ERR: 无法加载模块:Public

[ 2018-05-22T16:48:21+08:00 ] ::1 /graduation/Public/setting/d41d8cd98f00b204e9800998ecf8427e/2017-12-16/5a351465937ff.jpg
ERR: 无法加载模块:Public

[ 2018-05-22T16:48:21+08:00 ] ::1 /graduation/Public/setting/d41d8cd98f00b204e9800998ecf8427e/2017-12-16/5a35161d99864.jpg
ERR: 无法加载模块:Public

[ 2018-05-22T16:48:21+08:00 ] ::1 /graduation/Public/setting/d41d8cd98f00b204e9800998ecf8427e/2017-12-16/5a35191d13a5c.png
ERR: 无法加载模块:Public

[ 2018-05-22T16:52:12+08:00 ] ::1 /graduation/static/images/demo_bg.png
ERR: 无法加载模块:Static

[ 2018-05-22T16:52:38+08:00 ] ::1 /graduation/static/images/demo_bg.png
ERR: 无法加载模块:Static

[ 2018-05-22T17:13:44+08:00 ] ::1 /graduation/Public/setting/d41d8cd98f00b204e9800998ecf8427e/2017-12-16/5a351465937ff.jpg
ERR: 无法加载模块:Public

[ 2018-05-22T17:13:44+08:00 ] ::1 /graduation/Public/setting/d41d8cd98f00b204e9800998ecf8427e/2017-12-16/5a35191d13a5c.png
ERR: 无法加载模块:Public

[ 2018-05-22T17:13:44+08:00 ] ::1 /graduation/Public/setting/d41d8cd98f00b204e9800998ecf8427e/2017-12-16/5a351465937ff.jpg
ERR: 无法加载模块:Public

[ 2018-05-22T17:13:44+08:00 ] ::1 /graduation/Public/setting/d41d8cd98f00b204e9800998ecf8427e/2017-12-16/5a35161d99864.jpg
ERR: 无法加载模块:Public

[ 2018-05-22T17:42:28+08:00 ] ::1 /graduation/static/images/demo_bg.png
ERR: 无法加载模块:Static

[ 2018-05-22T17:43:44+08:00 ] ::1 /graduation/static/images/demo_bg.png
ERR: 无法加载模块:Static

[ 2018-05-22T17:44:11+08:00 ] ::1 /graduation/Public/setting/d41d8cd98f00b204e9800998ecf8427e/2017-12-16/5a351465937ff.jpg
ERR: 无法加载模块:Public

[ 2018-05-22T17:44:11+08:00 ] ::1 /graduation/Public/setting/d41d8cd98f00b204e9800998ecf8427e/2017-12-16/5a35161d99864.jpg
ERR: 无法加载模块:Public

[ 2018-05-22T17:44:11+08:00 ] ::1 /graduation/Public/setting/d41d8cd98f00b204e9800998ecf8427e/2017-12-16/5a35191d13a5c.png
ERR: 无法加载模块:Public

[ 2018-05-22T17:46:14+08:00 ] ::1 /graduation/static/images/demo_bg.png
ERR: 无法加载模块:Static

[ 2018-05-22T18:46:51+08:00 ] ::1 /graduation/Public/setting/d41d8cd98f00b204e9800998ecf8427e/2017-12-16/5a351465937ff.jpg
ERR: 无法加载模块:Public

[ 2018-05-22T18:46:51+08:00 ] ::1 /graduation/Public/setting/d41d8cd98f00b204e9800998ecf8427e/2017-12-16/5a35191d13a5c.png
ERR: 无法加载模块:Public

[ 2018-05-22T18:46:51+08:00 ] ::1 /graduation/Public/setting/d41d8cd98f00b204e9800998ecf8427e/2017-12-16/5a35161d99864.jpg
ERR: 无法加载模块:Public

