[ 2018-05-23T20:59:15+08:00 ] ::1 /graduation/Manager/Review/Teacher/dep/1/
ERR: 参数错误或者未定义:college

[ 2018-05-23T22:41:26+08:00 ] ::1 /graduation/Manager/Ajax/specialty
INFO: [ app_begin ] --START--
INFO: Run Behavior\ReadHtmlCacheBehavior [ RunTime:0.001517s ]
INFO: [ app_begin ] --END-- [ RunTime:0.002666s ]

[ 2018-05-23T22:43:31+08:00 ] ::1 /graduation/Manager/Ajax/specialty
INFO: [ app_begin ] --START--
INFO: Run Behavior\ReadHtmlCacheBehavior [ RunTime:0.001687s ]
INFO: [ app_begin ] --END-- [ RunTime:0.004753s ]

[ 2018-05-23T22:43:34+08:00 ] ::1 /graduation/Manager/Ajax/specialty
INFO: [ app_begin ] --START--
INFO: Run Behavior\ReadHtmlCacheBehavior [ RunTime:0.001614s ]
INFO: [ app_begin ] --END-- [ RunTime:0.003017s ]

[ 2018-05-23T22:43:38+08:00 ] ::1 /graduation/Manager/Ajax/specialty
INFO: [ app_begin ] --START--
INFO: Run Behavior\ReadHtmlCacheBehavior [ RunTime:0.003210s ]
INFO: [ app_begin ] --END-- [ RunTime:0.007389s ]

[ 2018-05-23T22:44:17+08:00 ] ::1 /graduation/Manager/Ajax/specialty
INFO: [ app_begin ] --START--
INFO: Run Behavior\ReadHtmlCacheBehavior [ RunTime:0.001171s ]
INFO: [ app_begin ] --END-- [ RunTime:0.002246s ]
SQL: SHOW COLUMNS FROM `tp_specialty` [ RunTime:0.0015s ]
SQL: SELECT dep_id as d,dep_name as n FROM `tp_specialty` WHERE `dep_father` = 1  [ RunTime:0.0010s ]

[ 2018-05-23T22:44:36+08:00 ] ::1 /graduation/Manager/Ajax/specialty
INFO: [ app_begin ] --START--
INFO: Run Behavior\ReadHtmlCacheBehavior [ RunTime:0.001738s ]
INFO: [ app_begin ] --END-- [ RunTime:0.003399s ]
SQL: SHOW COLUMNS FROM `tp_specialty` [ RunTime:0.0013s ]
SQL: SELECT dep_id as d,dep_name as n FROM `tp_specialty` WHERE `dep_father` = 1  [ RunTime:0.0007s ]

[ 2018-05-23T22:45:02+08:00 ] ::1 /graduation/Manager/Ajax/specialty
INFO: [ app_begin ] --START--
INFO: Run Behavior\ReadHtmlCacheBehavior [ RunTime:0.002046s ]
INFO: [ app_begin ] --END-- [ RunTime:0.003973s ]
SQL: SHOW COLUMNS FROM `tp_specialty` [ RunTime:0.0022s ]
SQL: SELECT dep_id as d,dep_name as n FROM `tp_specialty` WHERE `dep_father` = 1  [ RunTime:0.0006s ]

[ 2018-05-23T22:46:08+08:00 ] ::1 /graduation/Manager/Ajax/specialty
INFO: [ app_begin ] --START--
INFO: Run Behavior\ReadHtmlCacheBehavior [ RunTime:0.001204s ]
INFO: [ app_begin ] --END-- [ RunTime:0.002242s ]
SQL: SHOW COLUMNS FROM `tp_specialty` [ RunTime:0.0010s ]
SQL: SELECT dep_id as d,dep_name as n FROM `tp_specialty` WHERE `dep_father` = 1  [ RunTime:0.0005s ]

[ 2018-05-23T22:49:54+08:00 ] ::1 /graduation/Manager/Ajax/specialty
INFO: [ app_begin ] --START--
INFO: Run Behavior\ReadHtmlCacheBehavior [ RunTime:0.001254s ]
INFO: [ app_begin ] --END-- [ RunTime:0.002379s ]
SQL: SHOW COLUMNS FROM `tp_specialty` [ RunTime:0.0009s ]
SQL: SELECT dep_id as d,dep_name as n FROM `tp_specialty` WHERE `dep_father` = 1  [ RunTime:0.0006s ]

[ 2018-05-23T23:01:17+08:00 ] ::1 /graduation/Manager/RandomAllotReview/createGroup.html
ERR: 1146:Table 'graduation_project.tp_grade_group' doesn't exist
 [ SQL语句 ] : SHOW COLUMNS FROM `tp_grade_group`

[ 2018-05-23T23:05:31+08:00 ] ::1 /graduation/Manager/Ajax/specialty
INFO: [ app_begin ] --START--
INFO: Run Behavior\ReadHtmlCacheBehavior [ RunTime:0.001355s ]
INFO: [ app_begin ] --END-- [ RunTime:0.002681s ]
SQL: SHOW COLUMNS FROM `tp_specialty` [ RunTime:0.0030s ]
SQL: SELECT dep_id as d,dep_name as n FROM `tp_specialty` WHERE `dep_father` = 1  [ RunTime:0.0007s ]

[ 2018-05-23T23:05:38+08:00 ] ::1 /graduation/Manager/Ajax/specialty
INFO: [ app_begin ] --START--
INFO: Run Behavior\ReadHtmlCacheBehavior [ RunTime:0.003017s ]
INFO: [ app_begin ] --END-- [ RunTime:0.004154s ]
SQL: SHOW COLUMNS FROM `tp_specialty` [ RunTime:0.0032s ]
SQL: SELECT dep_id as d,dep_name as n FROM `tp_specialty` WHERE `dep_father` = 1  [ RunTime:0.0005s ]

[ 2018-05-23T23:07:12+08:00 ] ::1 /graduation/Manager/Ajax/specialty
INFO: [ app_begin ] --START--
INFO: Run Behavior\ReadHtmlCacheBehavior [ RunTime:0.001425s ]
INFO: [ app_begin ] --END-- [ RunTime:0.002686s ]
SQL: SHOW COLUMNS FROM `tp_specialty` [ RunTime:0.0033s ]
SQL: SELECT dep_id as d,dep_name as n FROM `tp_specialty` WHERE `dep_father` = 1  [ RunTime:0.0007s ]

[ 2018-05-23T23:08:15+08:00 ] ::1 /graduation/Manager/Ajax/specialty
INFO: [ app_begin ] --START--
INFO: Run Behavior\ReadHtmlCacheBehavior [ RunTime:0.001326s ]
INFO: [ app_begin ] --END-- [ RunTime:0.002808s ]
SQL: SHOW COLUMNS FROM `tp_specialty` [ RunTime:0.0027s ]
SQL: SELECT dep_id as d,dep_name as n FROM `tp_specialty` WHERE `dep_father` = 1  [ RunTime:0.0005s ]

[ 2018-05-23T23:08:21+08:00 ] ::1 /graduation/Manager/Ajax/specialty
INFO: [ app_begin ] --START--
INFO: Run Behavior\ReadHtmlCacheBehavior [ RunTime:0.001269s ]
INFO: [ app_begin ] --END-- [ RunTime:0.002356s ]
SQL: SHOW COLUMNS FROM `tp_specialty` [ RunTime:0.0033s ]
SQL: SELECT dep_id as d,dep_name as n FROM `tp_specialty` WHERE `dep_father` = 1  [ RunTime:0.0005s ]

[ 2018-05-23T23:08:44+08:00 ] ::1 /graduation/Manager/Ajax/specialty
INFO: [ app_begin ] --START--
INFO: Run Behavior\ReadHtmlCacheBehavior [ RunTime:0.001267s ]
INFO: [ app_begin ] --END-- [ RunTime:0.003157s ]
SQL: SHOW COLUMNS FROM `tp_specialty` [ RunTime:0.0045s ]
SQL: SELECT dep_id as d,dep_name as n FROM `tp_specialty` WHERE `dep_father` = 1  [ RunTime:0.0007s ]

[ 2018-05-23T23:09:36+08:00 ] ::1 /graduation/Manager/Ajax/specialty
INFO: [ app_begin ] --START--
INFO: Run Behavior\ReadHtmlCacheBehavior [ RunTime:0.001728s ]
INFO: [ app_begin ] --END-- [ RunTime:0.003577s ]
SQL: SHOW COLUMNS FROM `tp_specialty` [ RunTime:0.0010s ]
SQL: SELECT dep_id as d,dep_name as n FROM `tp_specialty` WHERE `dep_father` = 1  [ RunTime:0.0007s ]

[ 2018-05-23T23:10:26+08:00 ] ::1 /graduation/Manager/Ajax/specialty
INFO: [ app_begin ] --START--
INFO: Run Behavior\ReadHtmlCacheBehavior [ RunTime:0.001683s ]
INFO: [ app_begin ] --END-- [ RunTime:0.002966s ]
SQL: SHOW COLUMNS FROM `tp_specialty` [ RunTime:0.0031s ]
SQL: SELECT dep_id as d,dep_name as n FROM `tp_specialty` WHERE `dep_father` = 1  [ RunTime:0.0005s ]

[ 2018-05-23T23:10:43+08:00 ] ::1 /graduation/Manager/Ajax/specialty
INFO: [ app_begin ] --START--
INFO: Run Behavior\ReadHtmlCacheBehavior [ RunTime:0.001396s ]
INFO: [ app_begin ] --END-- [ RunTime:0.003757s ]
SQL: SHOW COLUMNS FROM `tp_specialty` [ RunTime:0.0033s ]
SQL: SELECT dep_id as d,dep_name as n FROM `tp_specialty` WHERE `dep_father` = 1  [ RunTime:0.0005s ]

[ 2018-05-23T23:11:04+08:00 ] ::1 /graduation/Manager/Ajax/specialty
INFO: [ app_begin ] --START--
INFO: Run Behavior\ReadHtmlCacheBehavior [ RunTime:0.001195s ]
INFO: [ app_begin ] --END-- [ RunTime:0.002324s ]
SQL: SHOW COLUMNS FROM `tp_specialty` [ RunTime:0.0032s ]
SQL: SELECT dep_id as d,dep_name as n FROM `tp_specialty` WHERE `dep_father` = 1  [ RunTime:0.0008s ]

[ 2018-05-23T23:11:23+08:00 ] ::1 /graduation/Manager/Ajax/specialty
INFO: [ app_begin ] --START--
INFO: Run Behavior\ReadHtmlCacheBehavior [ RunTime:0.001639s ]
INFO: [ app_begin ] --END-- [ RunTime:0.002842s ]
SQL: SHOW COLUMNS FROM `tp_specialty` [ RunTime:0.0030s ]
SQL: SELECT dep_id as d,dep_name as n FROM `tp_specialty` WHERE `dep_father` = 1  [ RunTime:0.0004s ]

[ 2018-05-23T23:11:36+08:00 ] ::1 /graduation/Manager/Ajax/specialty
INFO: [ app_begin ] --START--
INFO: Run Behavior\ReadHtmlCacheBehavior [ RunTime:0.001393s ]
INFO: [ app_begin ] --END-- [ RunTime:0.002580s ]
SQL: SHOW COLUMNS FROM `tp_specialty` [ RunTime:0.0008s ]
SQL: SELECT dep_id as d,dep_name as n FROM `tp_specialty` WHERE `dep_father` = 1  [ RunTime:0.0004s ]

[ 2018-05-23T23:12:29+08:00 ] ::1 /graduation/Manager/RandomAllotReview/RandomAllotReview/index
ERR: 非法操作:RandomAllotReview

[ 2018-05-23T23:13:04+08:00 ] ::1 /graduation/Manager/Ajax/specialty
INFO: [ app_begin ] --START--
INFO: Run Behavior\ReadHtmlCacheBehavior [ RunTime:0.001476s ]
INFO: [ app_begin ] --END-- [ RunTime:0.002535s ]
SQL: SHOW COLUMNS FROM `tp_specialty` [ RunTime:0.0031s ]
SQL: SELECT dep_id as d,dep_name as n FROM `tp_specialty` WHERE `dep_father` = 1  [ RunTime:0.0005s ]

[ 2018-05-23T23:19:23+08:00 ] ::1 /graduation/Manager/Ajax/specialty
INFO: [ app_begin ] --START--
INFO: Run Behavior\ReadHtmlCacheBehavior [ RunTime:0.001349s ]
INFO: [ app_begin ] --END-- [ RunTime:0.002753s ]
SQL: SHOW COLUMNS FROM `tp_specialty` [ RunTime:0.0010s ]
SQL: SELECT dep_id as d,dep_name as n FROM `tp_specialty` WHERE `dep_father` = 1  [ RunTime:0.0005s ]

[ 2018-05-23T23:33:15+08:00 ] ::1 /graduation/Manager/Review/Teacher/dep/1/
ERR: 参数错误或者未定义:college

[ 2018-05-23T23:33:18+08:00 ] ::1 /graduation/Manager/Review/Student/dep/1/tea/001/name/5YiY6aKW/
ERR: 参数错误或者未定义:num

[ 2018-05-23T23:34:41+08:00 ] ::1 /graduation/Manager/RandomAllotReview/addTeacherView/
ERR: 参数错误或者未定义:id

[ 2018-05-23T23:34:42+08:00 ] ::1 /graduation/Manager/RandomAllotReview/addTeacherView/
ERR: 参数错误或者未定义:id

[ 2018-05-23T23:34:42+08:00 ] ::1 /graduation/Manager/RandomAllotReview/addTeacherView/
ERR: 参数错误或者未定义:id

[ 2018-05-23T23:34:43+08:00 ] ::1 /graduation/Manager/RandomAllotReview/addTeacherView/
ERR: 参数错误或者未定义:id

[ 2018-05-23T23:34:43+08:00 ] ::1 /graduation/Manager/RandomAllotReview/addTeacherView/
ERR: 参数错误或者未定义:id

[ 2018-05-23T23:34:44+08:00 ] ::1 /graduation/Manager/RandomAllotReview/addTeacherView/
ERR: 参数错误或者未定义:id

[ 2018-05-23T23:34:44+08:00 ] ::1 /graduation/Manager/RandomAllotReview/addTeacherView/
ERR: 参数错误或者未定义:id

[ 2018-05-23T23:34:44+08:00 ] ::1 /graduation/Manager/RandomAllotReview/addTeacherView/
ERR: 参数错误或者未定义:id

[ 2018-05-23T23:34:44+08:00 ] ::1 /graduation/Manager/RandomAllotReview/addTeacherView/
ERR: 参数错误或者未定义:id

[ 2018-05-23T23:36:03+08:00 ] ::1 /graduation/Manager/RandomAllotReview/addTeacherView/
ERR: 参数错误或者未定义:id

[ 2018-05-23T23:36:03+08:00 ] ::1 /graduation/Manager/RandomAllotReview/addTeacherView/
ERR: 参数错误或者未定义:id

[ 2018-05-23T23:36:04+08:00 ] ::1 /graduation/Manager/RandomAllotReview/addTeacherView/
ERR: 参数错误或者未定义:id

[ 2018-05-23T23:36:04+08:00 ] ::1 /graduation/Manager/RandomAllotReview/addTeacherView/
ERR: 参数错误或者未定义:id

[ 2018-05-23T23:36:04+08:00 ] ::1 /graduation/Manager/RandomAllotReview/addTeacherView/
ERR: 参数错误或者未定义:id

[ 2018-05-23T23:36:04+08:00 ] ::1 /graduation/Manager/RandomAllotReview/addTeacherView/
ERR: 参数错误或者未定义:id

[ 2018-05-23T23:36:05+08:00 ] ::1 /graduation/Manager/RandomAllotReview/addTeacherView/
ERR: 参数错误或者未定义:id

[ 2018-05-23T23:37:22+08:00 ] ::1 /graduation/Manager/RandomAllotReview/CollegeView/
ERR: 参数错误或者未定义:id

[ 2018-05-23T23:39:50+08:00 ] ::1 /graduation/Manager/RandomAllotReview/CollegeView/
ERR: 参数错误或者未定义:id

[ 2018-05-23T23:39:51+08:00 ] ::1 /graduation/Manager/RandomAllotReview/CollegeView/
ERR: 参数错误或者未定义:id

[ 2018-05-23T23:39:51+08:00 ] ::1 /graduation/Manager/RandomAllotReview/CollegeView/
ERR: 参数错误或者未定义:id

[ 2018-05-23T23:39:51+08:00 ] ::1 /graduation/Manager/RandomAllotReview/CollegeView/
ERR: 参数错误或者未定义:id

[ 2018-05-23T23:39:52+08:00 ] ::1 /graduation/Manager/RandomAllotReview/CollegeView/
ERR: 参数错误或者未定义:id

[ 2018-05-23T23:39:52+08:00 ] ::1 /graduation/Manager/RandomAllotReview/CollegeView/
ERR: 参数错误或者未定义:id

[ 2018-05-23T23:39:52+08:00 ] ::1 /graduation/Manager/RandomAllotReview/CollegeView/
ERR: 参数错误或者未定义:id

[ 2018-05-23T23:39:52+08:00 ] ::1 /graduation/Manager/RandomAllotReview/CollegeView/
ERR: 参数错误或者未定义:id

[ 2018-05-23T23:40:24+08:00 ] ::1 /graduation/Manager/RandomAllotReview/CollegeView/
ERR: 参数错误或者未定义:id

[ 2018-05-23T23:40:24+08:00 ] ::1 /graduation/Manager/RandomAllotReview/CollegeView/
ERR: 参数错误或者未定义:id

[ 2018-05-23T23:40:24+08:00 ] ::1 /graduation/Manager/RandomAllotReview/CollegeView/
ERR: 参数错误或者未定义:id

[ 2018-05-23T23:40:26+08:00 ] ::1 /graduation/Manager/Teacher/addTeacherView/dep/1/id/5
ERR: 非法操作:addTeacherView

[ 2018-05-23T23:40:36+08:00 ] ::1 /graduation/Manager/RandomAllotReview/CollegeView/
ERR: 参数错误或者未定义:id

[ 2018-05-23T23:40:37+08:00 ] ::1 /graduation/Manager/RandomAllotReview/CollegeView/
ERR: 参数错误或者未定义:id

[ 2018-05-23T23:40:38+08:00 ] ::1 /graduation/Manager/RandomAllotReview/CollegeView/
ERR: 参数错误或者未定义:id

[ 2018-05-23T23:40:38+08:00 ] ::1 /graduation/Manager/RandomAllotReview/CollegeView/
ERR: 参数错误或者未定义:id

[ 2018-05-23T23:40:59+08:00 ] ::1 /graduation/Manager/RandomAllotReview/CollegeView/
ERR: 参数错误或者未定义:id

[ 2018-05-23T23:41:00+08:00 ] ::1 /graduation/Manager/RandomAllotReview/CollegeView/
ERR: 参数错误或者未定义:id

[ 2018-05-23T23:41:00+08:00 ] ::1 /graduation/Manager/RandomAllotReview/CollegeView/
ERR: 参数错误或者未定义:id

[ 2018-05-23T23:41:01+08:00 ] ::1 /graduation/Manager/RandomAllotReview/addTeacherView/dep/1/
ERR: 参数错误或者未定义:id

[ 2018-05-23T23:42:07+08:00 ] ::1 /graduation/Manager/RandomAllotReview/addTeacherView/dep/1/
ERR: 参数错误或者未定义:id

[ 2018-05-23T23:45:46+08:00 ] ::1 /graduation/Manager/RandomAllotReview/addTeacherView/dep/1/
ERR: 参数错误或者未定义:id

[ 2018-05-23T23:45:47+08:00 ] ::1 /graduation/Manager/RandomAllotReview/addTeacherView/dep/1/
ERR: 参数错误或者未定义:id

[ 2018-05-23T23:45:47+08:00 ] ::1 /graduation/Manager/RandomAllotReview/addTeacherView/dep/1/
ERR: 参数错误或者未定义:id

[ 2018-05-23T23:49:02+08:00 ] ::1 /graduation/Manager/RandomAllotReview/addTeacherView/dep/1/id/5
ERR: 参数错误或者未定义:page

[ 2018-05-23T23:49:03+08:00 ] ::1 /graduation/Manager/RandomAllotReview/addTeacherView/dep/1/id/5
ERR: 参数错误或者未定义:page

[ 2018-05-23T23:49:04+08:00 ] ::1 /graduation/Manager/RandomAllotReview/addTeacherView/dep/1/id/5
ERR: 参数错误或者未定义:page

[ 2018-05-23T23:49:04+08:00 ] ::1 /graduation/Manager/RandomAllotReview/addTeacherView/dep/1/id/5
ERR: 参数错误或者未定义:page

[ 2018-05-23T23:49:10+08:00 ] ::1 /graduation/Manager/RandomAllotReview/addTeacherView/dep/1/
ERR: 参数错误或者未定义:id

[ 2018-05-23T23:51:00+08:00 ] ::1 /graduation/Manager/RandomAllotReview/addTeacherView/dep/1/
ERR: 参数错误或者未定义:id

[ 2018-05-23T23:51:01+08:00 ] ::1 /graduation/Manager/RandomAllotReview/addTeacherView/dep/1/
ERR: 参数错误或者未定义:id

[ 2018-05-23T23:51:01+08:00 ] ::1 /graduation/Manager/RandomAllotReview/addTeacherView/dep/1/
ERR: 参数错误或者未定义:id

