[ 2018-04-30T20:11:21+08:00 ] ::1 /graduation/Manager/Gonggao/bootstrap/styles/bootstrap.css
ERR: 非法操作:bootstrap

[ 2018-04-30T20:11:21+08:00 ] ::1 /graduation/Manager/Gonggao/bootstrap/styles/bootstrap.css
ERR: 非法操作:bootstrap

[ 2018-04-30T20:11:22+08:00 ] ::1 /graduation/Manager/Gonggao/bootstrap/styles/bootstrap.css
ERR: 非法操作:bootstrap

[ 2018-04-30T20:12:22+08:00 ] ::1 /graduation/Manager/Govern/bootstrap/styles/bootstrap.css
ERR: 非法操作:bootstrap

[ 2018-04-30T20:12:23+08:00 ] ::1 /graduation/Manager/Gonggao/bootstrap/styles/bootstrap.css
ERR: 非法操作:bootstrap

[ 2018-04-30T20:12:42+08:00 ] ::1 /graduation/Manager/Inspection/Special/
ERR: 参数错误或者未定义:dep

[ 2018-04-30T20:12:45+08:00 ] ::1 /graduation/Manager/Inspection/Special/
ERR: 参数错误或者未定义:dep

[ 2018-04-30T20:12:45+08:00 ] ::1 /graduation/Manager/Inspection/Special/
ERR: 参数错误或者未定义:dep

[ 2018-04-30T20:12:46+08:00 ] ::1 /graduation/Manager/Inspection/Special/
ERR: 参数错误或者未定义:dep

[ 2018-04-30T20:41:16+08:00 ] ::1 /graduation/Manager/Teacher/Add.htmlhttp://localhost/graduation/Manager/Teacher/Add.html
ERR: 非法操作:Add.htmlhttp:

[ 2018-04-30T20:50:34+08:00 ] ::1 /graduation/Manager/Student/Specialty/
ERR: 参数错误或者未定义:dep

[ 2018-04-30T20:50:45+08:00 ] ::1 /graduation/Manager/Student/Banji/dep/1/
ERR: 参数错误或者未定义:name

[ 2018-04-30T20:50:59+08:00 ] ::1 /graduation/Manager/Student/Specialty/
ERR: 参数错误或者未定义:dep

[ 2018-04-30T20:51:01+08:00 ] ::1 /graduation/Manager/Student/Banji/dep/1/
ERR: 参数错误或者未定义:name

[ 2018-04-30T20:51:24+08:00 ] ::1 /graduation/Manager/Student/Student/dep/1/zy/6K6h566X5py656eR5a2m5LiO5oqA5pyv/
ERR: 参数错误或者未定义:bj

[ 2018-04-30T20:51:28+08:00 ] ::1 /graduation/Manager/Student/Banji/dep/1/
ERR: 参数错误或者未定义:name

[ 2018-04-30T20:51:55+08:00 ] ::1 /graduation/Manager/Student/Banji/dep/1/
ERR: 参数错误或者未定义:name

[ 2018-04-30T20:51:55+08:00 ] ::1 /graduation/Manager/Student/Banji/dep/1/
ERR: 参数错误或者未定义:name

[ 2018-04-30T20:51:56+08:00 ] ::1 /graduation/Manager/Student/Banji/dep/1/
ERR: 参数错误或者未定义:name

[ 2018-04-30T20:51:56+08:00 ] ::1 /graduation/Manager/Student/Banji/dep/1/
ERR: 参数错误或者未定义:name

[ 2018-04-30T20:51:58+08:00 ] ::1 /graduation/Manager/Student/Student/dep/1/zy/6K6h566X5py656eR5a2m5LiO5oqA5pyv/
ERR: 参数错误或者未定义:bj

[ 2018-04-30T20:52:00+08:00 ] ::1 /graduation/Manager/Student/Banji/dep/1/
ERR: 参数错误或者未定义:name

[ 2018-04-30T20:52:01+08:00 ] ::1 /graduation/Manager/Student/Banji/dep/1/
ERR: 参数错误或者未定义:name

[ 2018-04-30T20:52:02+08:00 ] ::1 /graduation/Manager/Student/Banji/dep/1/
ERR: 参数错误或者未定义:name

[ 2018-04-30T20:52:02+08:00 ] ::1 /graduation/Manager/Student/Banji/dep/1/
ERR: 参数错误或者未定义:name

[ 2018-04-30T20:52:02+08:00 ] ::1 /graduation/Manager/Student/Banji/dep/1/
ERR: 参数错误或者未定义:name

[ 2018-04-30T20:52:57+08:00 ] ::1 /graduation/Manager/Student/Banji/dep/1/
ERR: 参数错误或者未定义:name

[ 2018-04-30T20:52:57+08:00 ] ::1 /graduation/Manager/Student/Banji/dep/1/
ERR: 参数错误或者未定义:name

[ 2018-04-30T20:52:58+08:00 ] ::1 /graduation/Manager/Student/Banji/dep/1/
ERR: 参数错误或者未定义:name

[ 2018-04-30T20:53:30+08:00 ] ::1 /graduation/Manager/Student/Banji/dep/1/
ERR: 参数错误或者未定义:name

[ 2018-04-30T20:53:30+08:00 ] ::1 /graduation/Manager/Student/Banji/dep/1/
ERR: 参数错误或者未定义:name

[ 2018-04-30T20:53:31+08:00 ] ::1 /graduation/Manager/Student/Banji/dep/1/
ERR: 参数错误或者未定义:name

[ 2018-04-30T20:53:31+08:00 ] ::1 /graduation/Manager/Student/Banji/dep/1/
ERR: 参数错误或者未定义:name

[ 2018-04-30T20:53:31+08:00 ] ::1 /graduation/Manager/Student/Banji/dep/1/
ERR: 参数错误或者未定义:name

[ 2018-04-30T20:53:31+08:00 ] ::1 /graduation/Manager/Student/Banji/dep/1/
ERR: 参数错误或者未定义:name

[ 2018-04-30T20:53:32+08:00 ] ::1 /graduation/Manager/Student/Banji/dep/1/
ERR: 参数错误或者未定义:name

[ 2018-04-30T20:53:32+08:00 ] ::1 /graduation/Manager/Student/Banji/dep/1/
ERR: 参数错误或者未定义:name

[ 2018-04-30T21:20:07+08:00 ] ::1 /graduation/Manager/Index/Index.html
ERR: 1146:Table 'diploma_project.tp_teacher' doesn't exist
 [ SQL语句 ] : SHOW COLUMNS FROM `tp_teacher`

[ 2018-04-30T21:20:07+08:00 ] ::1 /graduation/Manager/Index/Index.html
ERR: 1146:Table 'diploma_project.tp_teacher' doesn't exist
 [ SQL语句 ] : SHOW COLUMNS FROM `tp_teacher`

[ 2018-04-30T21:20:08+08:00 ] ::1 /graduation/Manager/Index/Index.html
ERR: 1146:Table 'diploma_project.tp_teacher' doesn't exist
 [ SQL语句 ] : SHOW COLUMNS FROM `tp_teacher`

[ 2018-04-30T21:20:08+08:00 ] ::1 /graduation/Manager/Index/Index.html
ERR: 1146:Table 'diploma_project.tp_teacher' doesn't exist
 [ SQL语句 ] : SHOW COLUMNS FROM `tp_teacher`

[ 2018-04-30T21:20:08+08:00 ] ::1 /graduation/Manager/Index/Index.html
ERR: 1146:Table 'diploma_project.tp_teacher' doesn't exist
 [ SQL语句 ] : SHOW COLUMNS FROM `tp_teacher`

[ 2018-04-30T21:32:10+08:00 ] ::1 /graduation/Manager/Gonggao/bootstrap/styles/bootstrap.css
ERR: 非法操作:bootstrap

[ 2018-04-30T21:32:11+08:00 ] ::1 /graduation/Manager/Govern/bootstrap/styles/bootstrap.css
ERR: 非法操作:bootstrap

[ 2018-04-30T21:35:42+08:00 ] ::1 /graduation/Manager/Ajax/Specialty.html
INFO: [ app_begin ] --START--
INFO: Run Behavior\ReadHtmlCacheBehavior [ RunTime:0.001234s ]
INFO: [ app_begin ] --END-- [ RunTime:0.002292s ]
SQL: SHOW COLUMNS FROM `tp_specialty` [ RunTime:0.0027s ]
SQL: SELECT dep_id as d,dep_name as n FROM `tp_specialty` WHERE `dep_father` = 3  [ RunTime:0.0005s ]

[ 2018-04-30T21:36:14+08:00 ] ::1 /graduation/Manager/Ajax/Specialty.html
INFO: [ app_begin ] --START--
INFO: Run Behavior\ReadHtmlCacheBehavior [ RunTime:0.001196s ]
INFO: [ app_begin ] --END-- [ RunTime:0.002178s ]
SQL: SHOW COLUMNS FROM `tp_specialty` [ RunTime:0.0026s ]
SQL: SELECT dep_id as d,dep_name as n FROM `tp_specialty` WHERE `dep_father` = 3  [ RunTime:0.0005s ]

[ 2018-04-30T21:36:44+08:00 ] ::1 /graduation/Manager/Ajax/Specialty.html
INFO: [ app_begin ] --START--
INFO: Run Behavior\ReadHtmlCacheBehavior [ RunTime:0.001899s ]
INFO: [ app_begin ] --END-- [ RunTime:0.002905s ]
SQL: SHOW COLUMNS FROM `tp_specialty` [ RunTime:0.0026s ]
SQL: SELECT dep_id as d,dep_name as n FROM `tp_specialty` WHERE `dep_father` = 4  [ RunTime:0.0005s ]

[ 2018-04-30T21:37:39+08:00 ] ::1 /graduation/Manager/Teacher/Add.html
ERR: 1062:Duplicate entry '4' for key 'PRIMARY'
 [ SQL语句 ] : INSERT INTO `tp_teacher` (`tea_number`,`name`,`pwd`,`dep_id`) VALUES ('4','友谊','a87ff679a2f3e71d9181a67b7542122c','4'),('5','幼儿','e4da3b7fbbce2345d7772b0674a318d5','4'),('6','有三','1679091c5a880faf6fb5e6087eb1b2dc','4')

[ 2018-04-30T21:38:50+08:00 ] ::1 /graduation/Manager/Ajax/specialty.html
INFO: [ app_begin ] --START--
INFO: Run Behavior\ReadHtmlCacheBehavior [ RunTime:0.001581s ]
INFO: [ app_begin ] --END-- [ RunTime:0.002599s ]
SQL: SHOW COLUMNS FROM `tp_specialty` [ RunTime:0.0009s ]
SQL: SELECT dep_id as d,dep_name as n FROM `tp_specialty` WHERE `dep_father` = 3  [ RunTime:0.0005s ]

[ 2018-04-30T21:38:52+08:00 ] ::1 /graduation/Manager/Ajax/Banji.html
INFO: [ app_begin ] --START--
INFO: Run Behavior\ReadHtmlCacheBehavior [ RunTime:0.002356s ]
INFO: [ app_begin ] --END-- [ RunTime:0.003556s ]
SQL: SHOW COLUMNS FROM `tp_class` [ RunTime:0.0009s ]
SQL: SELECT dep_id as d,dep_name as n FROM `tp_class` WHERE `dep_father` = 5  [ RunTime:0.0005s ]

[ 2018-04-30T21:39:05+08:00 ] ::1 /graduation/Manager/Ajax/specialty.html
INFO: [ app_begin ] --START--
INFO: Run Behavior\ReadHtmlCacheBehavior [ RunTime:0.001623s ]
INFO: [ app_begin ] --END-- [ RunTime:0.002803s ]
SQL: SHOW COLUMNS FROM `tp_specialty` [ RunTime:0.0009s ]
SQL: SELECT dep_id as d,dep_name as n FROM `tp_specialty` WHERE `dep_father` = 3  [ RunTime:0.0005s ]

[ 2018-04-30T21:39:06+08:00 ] ::1 /graduation/Manager/Ajax/Banji.html
INFO: [ app_begin ] --START--
INFO: Run Behavior\ReadHtmlCacheBehavior [ RunTime:0.001578s ]
INFO: [ app_begin ] --END-- [ RunTime:0.002646s ]
SQL: SHOW COLUMNS FROM `tp_class` [ RunTime:0.0009s ]
SQL: SELECT dep_id as d,dep_name as n FROM `tp_class` WHERE `dep_father` = 5  [ RunTime:0.0005s ]

[ 2018-04-30T21:39:08+08:00 ] ::1 /graduation/Manager/Ajax/Banji.html
INFO: [ app_begin ] --START--
INFO: Run Behavior\ReadHtmlCacheBehavior [ RunTime:0.001711s ]
INFO: [ app_begin ] --END-- [ RunTime:0.002831s ]
SQL: SHOW COLUMNS FROM `tp_class` [ RunTime:0.0027s ]
SQL: SELECT dep_id as d,dep_name as n FROM `tp_class` WHERE `dep_father` = 6  [ RunTime:0.0005s ]

[ 2018-04-30T21:39:30+08:00 ] ::1 /graduation/Manager/Ajax/specialty.html
INFO: [ app_begin ] --START--
INFO: Run Behavior\ReadHtmlCacheBehavior [ RunTime:0.002121s ]
INFO: [ app_begin ] --END-- [ RunTime:0.003547s ]
SQL: SHOW COLUMNS FROM `tp_specialty` [ RunTime:0.0009s ]
SQL: SELECT dep_id as d,dep_name as n FROM `tp_specialty` WHERE `dep_father` = 3  [ RunTime:0.0005s ]

[ 2018-04-30T21:39:32+08:00 ] ::1 /graduation/Manager/Ajax/specialty.html
INFO: [ app_begin ] --START--
INFO: Run Behavior\ReadHtmlCacheBehavior [ RunTime:0.001564s ]
INFO: [ app_begin ] --END-- [ RunTime:0.002643s ]
SQL: SHOW COLUMNS FROM `tp_specialty` [ RunTime:0.0027s ]
SQL: SELECT dep_id as d,dep_name as n FROM `tp_specialty` WHERE `dep_father` = 4  [ RunTime:0.0006s ]

[ 2018-04-30T21:39:34+08:00 ] ::1 /graduation/Manager/Ajax/Banji.html
INFO: [ app_begin ] --START--
INFO: Run Behavior\ReadHtmlCacheBehavior [ RunTime:0.001940s ]
INFO: [ app_begin ] --END-- [ RunTime:0.004144s ]
SQL: SHOW COLUMNS FROM `tp_class` [ RunTime:0.0011s ]
SQL: SELECT dep_id as d,dep_name as n FROM `tp_class` WHERE `dep_father` = 7  [ RunTime:0.0005s ]

[ 2018-04-30T21:39:43+08:00 ] ::1 /graduation/Manager/Student/Add.html
ERR: 1062:Duplicate entry '4' for key 'PRIMARY'
 [ SQL语句 ] : INSERT INTO `tp_student` (`stu_number`,`name`,`pwd`,`dep_college`,`dep_major`,`dep_class`) VALUES ('4','铀矿亿','a87ff679a2f3e71d9181a67b7542122c','4','7','8'),('5','有苦anger','e4da3b7fbbce2345d7772b0674a318d5','4','7','8'),('6','铀矿三','1679091c5a880faf6fb5e6087eb1b2dc','4','7','8')

[ 2018-04-30T21:41:09+08:00 ] ::1 /graduation/Manager/Ajax/specialty.html
INFO: [ app_begin ] --START--
INFO: Run Behavior\ReadHtmlCacheBehavior [ RunTime:0.001552s ]
INFO: [ app_begin ] --END-- [ RunTime:0.002656s ]
SQL: SHOW COLUMNS FROM `tp_specialty` [ RunTime:0.0009s ]
SQL: SELECT dep_id as d,dep_name as n FROM `tp_specialty` WHERE `dep_father` = 4  [ RunTime:0.0005s ]

[ 2018-04-30T21:41:11+08:00 ] ::1 /graduation/Manager/Ajax/Banji.html
INFO: [ app_begin ] --START--
INFO: Run Behavior\ReadHtmlCacheBehavior [ RunTime:0.001564s ]
INFO: [ app_begin ] --END-- [ RunTime:0.002705s ]
SQL: SHOW COLUMNS FROM `tp_class` [ RunTime:0.0009s ]
SQL: SELECT dep_id as d,dep_name as n FROM `tp_class` WHERE `dep_father` = 7  [ RunTime:0.0005s ]

[ 2018-04-30T21:42:04+08:00 ] ::1 /graduation/Manager/Student/Add.html
ERR: 1062:Duplicate entry '33' for key 'PRIMARY'
 [ SQL语句 ] : INSERT INTO `tp_student` (`stu_number`,`name`,`pwd`,`dep_college`,`dep_major`,`dep_class`) VALUES ('22','铀矿亿','b6d767d2f8ed5d21a44b0e5886680cb9','4','7','8'),('33','有苦anger','182be0c5cdcd5072bb1864cdee4d3d6e','4','7','8'),('33','铀矿三','182be0c5cdcd5072bb1864cdee4d3d6e','4','7','8')

[ 2018-04-30T21:42:34+08:00 ] ::1 /graduation/Manager/Ajax/specialty.html
INFO: [ app_begin ] --START--
INFO: Run Behavior\ReadHtmlCacheBehavior [ RunTime:0.002409s ]
INFO: [ app_begin ] --END-- [ RunTime:0.003524s ]
SQL: SHOW COLUMNS FROM `tp_specialty` [ RunTime:0.0010s ]
SQL: SELECT dep_id as d,dep_name as n FROM `tp_specialty` WHERE `dep_father` = 4  [ RunTime:0.0005s ]

[ 2018-04-30T21:42:36+08:00 ] ::1 /graduation/Manager/Ajax/Banji.html
INFO: [ app_begin ] --START--
INFO: Run Behavior\ReadHtmlCacheBehavior [ RunTime:0.001548s ]
INFO: [ app_begin ] --END-- [ RunTime:0.002646s ]
SQL: SHOW COLUMNS FROM `tp_class` [ RunTime:0.0009s ]
SQL: SELECT dep_id as d,dep_name as n FROM `tp_class` WHERE `dep_father` = 7  [ RunTime:0.0005s ]

[ 2018-04-30T21:55:20+08:00 ] ::1 /graduation/Manager/Rank/dean
INFO: [ app_begin ] --START--
INFO: Run Behavior\ReadHtmlCacheBehavior [ RunTime:0.001584s ]
INFO: [ app_begin ] --END-- [ RunTime:0.002692s ]
SQL: SHOW COLUMNS FROM `tp_teacher` [ RunTime:0.0020s ]
SQL: UPDATE `tp_teacher` SET `dean`='1' WHERE `tea_number` = '4' [ RunTime:0.0278s ]

