[ 2018-06-07T13:03:27+08:00 ] ::1 /graduation/Manager/Student/Specialty/
ERR: 参数错误或者未定义:dep

[ 2018-06-07T13:03:29+08:00 ] ::1 /graduation/Manager/Student/Banji/dep/1/
ERR: 参数错误或者未定义:name

[ 2018-06-07T13:03:34+08:00 ] ::1 /graduation/Manager/Student/Specialty/
ERR: 参数错误或者未定义:dep

[ 2018-06-07T13:03:36+08:00 ] ::1 /graduation/Manager/Student/Banji/dep/1/
ERR: 参数错误或者未定义:name

[ 2018-06-07T13:04:56+08:00 ] ::1 /graduation/Manager/Student/Specialty/
ERR: 参数错误或者未定义:dep

[ 2018-06-07T13:05:00+08:00 ] ::1 /graduation/Manager/OutTopic/Specialty/
ERR: 参数错误或者未定义:dep

[ 2018-06-07T13:05:03+08:00 ] ::1 /graduation/Manager/OutTopic/Banji/dep/1/
ERR: 参数错误或者未定义:name

[ 2018-06-07T13:05:08+08:00 ] ::1 /graduation/Manager/OutTopic/Banji/dep/1/
ERR: 参数错误或者未定义:name

[ 2018-06-07T13:05:17+08:00 ] ::1 /graduation/Manager/OutTopic/Banji/dep/1/
ERR: 参数错误或者未定义:name

[ 2018-06-07T13:07:04+08:00 ] ::1 /graduation/Manager/OutTopic/Banji/dep/1/
ERR: 参数错误或者未定义:name

[ 2018-06-07T13:07:04+08:00 ] ::1 /graduation/Manager/OutTopic/Banji/dep/1/
ERR: 参数错误或者未定义:name

[ 2018-06-07T13:07:04+08:00 ] ::1 /graduation/Manager/OutTopic/Banji/dep/1/
ERR: 参数错误或者未定义:name

[ 2018-06-07T13:07:05+08:00 ] ::1 /graduation/Manager/OutTopic/Banji/dep/1/
ERR: 参数错误或者未定义:name

[ 2018-06-07T13:07:33+08:00 ] ::1 /graduation/Manager/OutTopic/Banji/dep/1/
ERR: 参数错误或者未定义:name

[ 2018-06-07T13:07:35+08:00 ] ::1 /graduation/Manager/OutTopic/Banji/dep/1/
ERR: 参数错误或者未定义:name

[ 2018-06-07T13:07:36+08:00 ] ::1 /graduation/Manager/OutTopic/claExcel/dep/1/claExcel/6K6h566X5py656eR5a2m5LiO5oqA5pyv/name/5LiA54+t
ERR: 参数错误或者未定义:spe

[ 2018-06-07T13:07:53+08:00 ] ::1 /graduation/Manager/OutTopic/Banji/dep/1/
ERR: 参数错误或者未定义:name

[ 2018-06-07T13:07:54+08:00 ] ::1 /graduation/Manager/OutTopic/claExcel/dep/1/claExcel/6K6h566X5py656eR5a2m5LiO5oqA5pyv/name/5LiA54+t
ERR: 参数错误或者未定义:spe

[ 2018-06-07T13:07:56+08:00 ] ::1 /graduation/Manager/OutTopic/Banji/dep/1/
ERR: 参数错误或者未定义:name

[ 2018-06-07T13:07:57+08:00 ] ::1 /graduation/Manager/OutTopic/Banji/dep/1/
ERR: 参数错误或者未定义:name

[ 2018-06-07T13:07:57+08:00 ] ::1 /graduation/Manager/OutTopic/Banji/dep/1/
ERR: 参数错误或者未定义:name

[ 2018-06-07T13:07:57+08:00 ] ::1 /graduation/Manager/OutTopic/Banji/dep/1/
ERR: 参数错误或者未定义:name

[ 2018-06-07T13:07:58+08:00 ] ::1 /graduation/Manager/OutTopic/Banji/dep/1/
ERR: 参数错误或者未定义:name

[ 2018-06-07T13:22:55+08:00 ] ::1 /graduation/Manager/OutTopic/Specialty/
ERR: 参数错误或者未定义:dep

[ 2018-06-07T13:23:07+08:00 ] ::1 /graduation/Manager/OutTopic/Banji/dep/2/
ERR: 参数错误或者未定义:name

